ARM GAS  C:\Users\Yasi\AppData\Local\Temp\ccXhSyHW.s 			page 1


   1              		.cpu cortex-m0
   2              		.arch armv6s-m
   3              		.fpu softvfp
   4              		.eabi_attribute 20, 1
   5              		.eabi_attribute 21, 1
   6              		.eabi_attribute 23, 3
   7              		.eabi_attribute 24, 1
   8              		.eabi_attribute 25, 1
   9              		.eabi_attribute 26, 1
  10              		.eabi_attribute 30, 1
  11              		.eabi_attribute 34, 0
  12              		.eabi_attribute 18, 4
  13              		.file	"app_freertos.c"
  14              		.text
  15              	.Ltext0:
  16              		.cfi_sections	.debug_frame
  17              		.file 1 "Core/Src/app_freertos.c"
  18              		.section	.rodata.StartDefaultTask.str1.4,"aMS",%progbits,1
  19              		.align	2
  20              	.LC0:
  21 0000 48656C6C 		.ascii	"Hello FreeRTOS!\015\000"
  21      6F204672 
  21      65655254 
  21      4F53210D 
  21      00
  22              		.section	.text.StartDefaultTask,"ax",%progbits
  23              		.align	1
  24              		.global	StartDefaultTask
  25              		.syntax unified
  26              		.code	16
  27              		.thumb_func
  29              	StartDefaultTask:
  30              	.LFB220:
   1:Core/Src/app_freertos.c **** /* USER CODE BEGIN Header */
   2:Core/Src/app_freertos.c **** /**
   3:Core/Src/app_freertos.c ****   ******************************************************************************
   4:Core/Src/app_freertos.c ****   * File Name          : app_freertos.c
   5:Core/Src/app_freertos.c ****   * Description        : Code for freertos applications
   6:Core/Src/app_freertos.c ****   ******************************************************************************
   7:Core/Src/app_freertos.c ****   * @attention
   8:Core/Src/app_freertos.c ****   *
   9:Core/Src/app_freertos.c ****   * Copyright (c) 2024 STMicroelectronics.
  10:Core/Src/app_freertos.c ****   * All rights reserved.
  11:Core/Src/app_freertos.c ****   *
  12:Core/Src/app_freertos.c ****   * This software is licensed under terms that can be found in the LICENSE file
  13:Core/Src/app_freertos.c ****   * in the root directory of this software component.
  14:Core/Src/app_freertos.c ****   * If no LICENSE file comes with this software, it is provided AS-IS.
  15:Core/Src/app_freertos.c ****   *
  16:Core/Src/app_freertos.c ****   ******************************************************************************
  17:Core/Src/app_freertos.c ****   */
  18:Core/Src/app_freertos.c **** /* USER CODE END Header */
  19:Core/Src/app_freertos.c **** 
  20:Core/Src/app_freertos.c **** /* Includes ------------------------------------------------------------------*/
  21:Core/Src/app_freertos.c **** #include "FreeRTOS.h"
  22:Core/Src/app_freertos.c **** #include "task.h"
  23:Core/Src/app_freertos.c **** #include "main.h"
  24:Core/Src/app_freertos.c **** #include "cmsis_os2.h"
ARM GAS  C:\Users\Yasi\AppData\Local\Temp\ccXhSyHW.s 			page 2


  25:Core/Src/app_freertos.c **** /* Private includes ----------------------------------------------------------*/
  26:Core/Src/app_freertos.c **** /* USER CODE BEGIN Includes */
  27:Core/Src/app_freertos.c **** #include "stm32c0xx_nucleo.h"
  28:Core/Src/app_freertos.c **** #include <stdio.h>
  29:Core/Src/app_freertos.c **** 
  30:Core/Src/app_freertos.c **** /* USER CODE END Includes */
  31:Core/Src/app_freertos.c **** 
  32:Core/Src/app_freertos.c **** /* Private typedef -----------------------------------------------------------*/
  33:Core/Src/app_freertos.c **** /* USER CODE BEGIN PTD */
  34:Core/Src/app_freertos.c **** 
  35:Core/Src/app_freertos.c **** /* USER CODE END PTD */
  36:Core/Src/app_freertos.c **** 
  37:Core/Src/app_freertos.c **** /* Private define ------------------------------------------------------------*/
  38:Core/Src/app_freertos.c **** /* USER CODE BEGIN PD */
  39:Core/Src/app_freertos.c **** 
  40:Core/Src/app_freertos.c **** /* USER CODE END PD */
  41:Core/Src/app_freertos.c **** 
  42:Core/Src/app_freertos.c **** /* Private macro -------------------------------------------------------------*/
  43:Core/Src/app_freertos.c **** /* USER CODE BEGIN PM */
  44:Core/Src/app_freertos.c **** 
  45:Core/Src/app_freertos.c **** /* USER CODE END PM */
  46:Core/Src/app_freertos.c **** 
  47:Core/Src/app_freertos.c **** /* Private variables ---------------------------------------------------------*/
  48:Core/Src/app_freertos.c **** /* USER CODE BEGIN Variables */
  49:Core/Src/app_freertos.c **** 
  50:Core/Src/app_freertos.c **** /* USER CODE END Variables */
  51:Core/Src/app_freertos.c **** /* Definitions for defaultTask */
  52:Core/Src/app_freertos.c **** osThreadId_t defaultTaskHandle;
  53:Core/Src/app_freertos.c **** osThreadId_t secondTaskHandle;
  54:Core/Src/app_freertos.c **** const osThreadAttr_t defaultTask_attributes = {
  55:Core/Src/app_freertos.c ****   .name = "defaultTask",
  56:Core/Src/app_freertos.c ****   .priority = (osPriority_t) osPriorityNormal,
  57:Core/Src/app_freertos.c ****   .stack_size = 128 * 4
  58:Core/Src/app_freertos.c **** };
  59:Core/Src/app_freertos.c **** 
  60:Core/Src/app_freertos.c **** const osThreadAttr_t secondTask_attributes = {
  61:Core/Src/app_freertos.c ****   .name = "secondTask",
  62:Core/Src/app_freertos.c ****   .priority = (osPriority_t) osPriorityNormal, // Same priority as defaultTask
  63:Core/Src/app_freertos.c ****   .stack_size = 128 * 4
  64:Core/Src/app_freertos.c **** };
  65:Core/Src/app_freertos.c **** 
  66:Core/Src/app_freertos.c **** /* Private function prototypes -----------------------------------------------*/
  67:Core/Src/app_freertos.c **** /* USER CODE BEGIN FunctionPrototypes */
  68:Core/Src/app_freertos.c **** 
  69:Core/Src/app_freertos.c **** /* USER CODE END FunctionPrototypes */
  70:Core/Src/app_freertos.c **** 
  71:Core/Src/app_freertos.c **** void StartDefaultTask(void *argument);
  72:Core/Src/app_freertos.c **** void StartSecondTask(void *argument);
  73:Core/Src/app_freertos.c **** 
  74:Core/Src/app_freertos.c **** void MX_FREERTOS_Init(void); /* (MISRA C 2004 rule 8.1) */
  75:Core/Src/app_freertos.c **** 
  76:Core/Src/app_freertos.c **** /* Hook prototypes */
  77:Core/Src/app_freertos.c **** void configureTimerForRunTimeStats(void);
  78:Core/Src/app_freertos.c **** unsigned long getRunTimeCounterValue(void);
  79:Core/Src/app_freertos.c **** 
  80:Core/Src/app_freertos.c **** /* USER CODE BEGIN 1 */
  81:Core/Src/app_freertos.c **** /* Functions needed when configGENERATE_RUN_TIME_STATS is on */
ARM GAS  C:\Users\Yasi\AppData\Local\Temp\ccXhSyHW.s 			page 3


  82:Core/Src/app_freertos.c **** __weak void configureTimerForRunTimeStats(void)
  83:Core/Src/app_freertos.c **** {
  84:Core/Src/app_freertos.c **** 
  85:Core/Src/app_freertos.c **** }
  86:Core/Src/app_freertos.c **** 
  87:Core/Src/app_freertos.c **** __weak unsigned long getRunTimeCounterValue(void)
  88:Core/Src/app_freertos.c **** {
  89:Core/Src/app_freertos.c **** return 0;
  90:Core/Src/app_freertos.c **** }
  91:Core/Src/app_freertos.c **** /* USER CODE END 1 */
  92:Core/Src/app_freertos.c **** 
  93:Core/Src/app_freertos.c **** /**
  94:Core/Src/app_freertos.c ****   * @brief  FreeRTOS initialization
  95:Core/Src/app_freertos.c ****   * @param  None
  96:Core/Src/app_freertos.c ****   * @retval None
  97:Core/Src/app_freertos.c ****   */
  98:Core/Src/app_freertos.c **** void MX_FREERTOS_Init(void) {
  99:Core/Src/app_freertos.c ****   /* USER CODE BEGIN Init */
 100:Core/Src/app_freertos.c **** 
 101:Core/Src/app_freertos.c ****   /* USER CODE END Init */
 102:Core/Src/app_freertos.c **** 
 103:Core/Src/app_freertos.c ****   /* USER CODE BEGIN RTOS_MUTEX */
 104:Core/Src/app_freertos.c ****   /* add mutexes, ... */
 105:Core/Src/app_freertos.c ****   /* USER CODE END RTOS_MUTEX */
 106:Core/Src/app_freertos.c **** 
 107:Core/Src/app_freertos.c ****   /* USER CODE BEGIN RTOS_SEMAPHORES */
 108:Core/Src/app_freertos.c ****   /* add semaphores, ... */
 109:Core/Src/app_freertos.c ****   /* USER CODE END RTOS_SEMAPHORES */
 110:Core/Src/app_freertos.c **** 
 111:Core/Src/app_freertos.c ****   /* USER CODE BEGIN RTOS_TIMERS */
 112:Core/Src/app_freertos.c ****   /* start timers, add new ones, ... */
 113:Core/Src/app_freertos.c ****   /* USER CODE END RTOS_TIMERS */
 114:Core/Src/app_freertos.c **** 
 115:Core/Src/app_freertos.c ****   /* USER CODE BEGIN RTOS_QUEUES */
 116:Core/Src/app_freertos.c ****   /* add queues, ... */
 117:Core/Src/app_freertos.c ****   /* USER CODE END RTOS_QUEUES */
 118:Core/Src/app_freertos.c ****   /* creation of defaultTask */
 119:Core/Src/app_freertos.c ****   defaultTaskHandle = osThreadNew(StartDefaultTask, NULL, &defaultTask_attributes);
 120:Core/Src/app_freertos.c **** 
 121:Core/Src/app_freertos.c ****   /* Create the secondTask */
 122:Core/Src/app_freertos.c ****   secondTaskHandle = osThreadNew(StartSecondTask, NULL, &secondTask_attributes);
 123:Core/Src/app_freertos.c **** 
 124:Core/Src/app_freertos.c ****   /* USER CODE BEGIN RTOS_THREADS */
 125:Core/Src/app_freertos.c ****   /* add threads, ... */
 126:Core/Src/app_freertos.c ****   /* USER CODE END RTOS_THREADS */
 127:Core/Src/app_freertos.c **** 
 128:Core/Src/app_freertos.c ****   /* USER CODE BEGIN RTOS_EVENTS */
 129:Core/Src/app_freertos.c ****   /* add events, ... */
 130:Core/Src/app_freertos.c ****   /* USER CODE END RTOS_EVENTS */
 131:Core/Src/app_freertos.c **** 
 132:Core/Src/app_freertos.c **** }
 133:Core/Src/app_freertos.c **** /* USER CODE BEGIN Header_StartDefaultTask */
 134:Core/Src/app_freertos.c **** /**
 135:Core/Src/app_freertos.c **** * @brief Function implementing the defaultTask thread.
 136:Core/Src/app_freertos.c **** * @param argument: Not used
 137:Core/Src/app_freertos.c **** * @retval None
 138:Core/Src/app_freertos.c **** */
ARM GAS  C:\Users\Yasi\AppData\Local\Temp\ccXhSyHW.s 			page 4


 139:Core/Src/app_freertos.c **** /* USER CODE END Header_StartDefaultTask */
 140:Core/Src/app_freertos.c **** void StartDefaultTask(void *argument)
 141:Core/Src/app_freertos.c **** {
  31              		.loc 1 141 1 view -0
  32              		.cfi_startproc
  33              		@ Volatile: function does not return.
  34              		@ args = 0, pretend = 0, frame = 0
  35              		@ frame_needed = 0, uses_anonymous_args = 0
  36              	.LVL0:
  37              		.loc 1 141 1 is_stmt 0 view .LVU1
  38 0000 10B5     		push	{r4, lr}
  39              	.LCFI0:
  40              		.cfi_def_cfa_offset 8
  41              		.cfi_offset 4, -8
  42              		.cfi_offset 14, -4
  43              	.LVL1:
  44              	.L2:
 142:Core/Src/app_freertos.c ****   /* USER CODE BEGIN defaultTask */
 143:Core/Src/app_freertos.c ****   /* Infinite loop */
 144:Core/Src/app_freertos.c ****   for(;;)
  45              		.loc 1 144 3 is_stmt 1 view .LVU2
 145:Core/Src/app_freertos.c ****   {
 146:Core/Src/app_freertos.c ****     //BSP_LED_Toggle(LED_GREEN);
 147:Core/Src/app_freertos.c ****     HAL_GPIO_TogglePin(GPIOC, GPIO_PIN_6);
  46              		.loc 1 147 5 view .LVU3
  47 0002 4021     		movs	r1, #64
  48 0004 0548     		ldr	r0, .L3
  49 0006 FFF7FEFF 		bl	HAL_GPIO_TogglePin
  50              	.LVL2:
 148:Core/Src/app_freertos.c ****     printf("Hello FreeRTOS!\r\n");
  51              		.loc 1 148 5 view .LVU4
  52 000a 0548     		ldr	r0, .L3+4
  53 000c FFF7FEFF 		bl	puts
  54              	.LVL3:
 149:Core/Src/app_freertos.c ****     osDelay(pdMS_TO_TICKS(1000));
  55              		.loc 1 149 5 discriminator 1 view .LVU5
  56 0010 FA20     		movs	r0, #250
  57 0012 8000     		lsls	r0, r0, #2
  58 0014 FFF7FEFF 		bl	osDelay
  59              	.LVL4:
 144:Core/Src/app_freertos.c ****   {
  60              		.loc 1 144 3 view .LVU6
  61 0018 F3E7     		b	.L2
  62              	.L4:
  63 001a C046     		.align	2
  64              	.L3:
  65 001c 00080050 		.word	1342179328
  66 0020 00000000 		.word	.LC0
  67              		.cfi_endproc
  68              	.LFE220:
  70              		.section	.rodata.StartSecondTask.str1.4,"aMS",%progbits,1
  71              		.align	2
  72              	.LC2:
  73 0000 48656C6C 		.ascii	"Hello from the second task!\015\000"
  73      6F206672 
  73      6F6D2074 
  73      68652073 
ARM GAS  C:\Users\Yasi\AppData\Local\Temp\ccXhSyHW.s 			page 5


  73      65636F6E 
  74              		.section	.text.StartSecondTask,"ax",%progbits
  75              		.align	1
  76              		.global	StartSecondTask
  77              		.syntax unified
  78              		.code	16
  79              		.thumb_func
  81              	StartSecondTask:
  82              	.LFB221:
 150:Core/Src/app_freertos.c ****   }
 151:Core/Src/app_freertos.c ****   /* USER CODE END defaultTask */
 152:Core/Src/app_freertos.c **** }
 153:Core/Src/app_freertos.c **** 
 154:Core/Src/app_freertos.c **** /* Second task function */
 155:Core/Src/app_freertos.c **** void StartSecondTask(void *argument) {
  83              		.loc 1 155 38 view -0
  84              		.cfi_startproc
  85              		@ Volatile: function does not return.
  86              		@ args = 0, pretend = 0, frame = 0
  87              		@ frame_needed = 0, uses_anonymous_args = 0
  88              	.LVL5:
  89              		.loc 1 155 38 is_stmt 0 view .LVU8
  90 0000 10B5     		push	{r4, lr}
  91              	.LCFI1:
  92              		.cfi_def_cfa_offset 8
  93              		.cfi_offset 4, -8
  94              		.cfi_offset 14, -4
  95              	.LVL6:
  96              	.L6:
 156:Core/Src/app_freertos.c ****   for(;;) {
  97              		.loc 1 156 3 is_stmt 1 view .LVU9
 157:Core/Src/app_freertos.c ****     HAL_GPIO_TogglePin(GPIOD, GPIO_PIN_0);
  98              		.loc 1 157 5 view .LVU10
  99 0002 0121     		movs	r1, #1
 100 0004 0548     		ldr	r0, .L7
 101 0006 FFF7FEFF 		bl	HAL_GPIO_TogglePin
 102              	.LVL7:
 158:Core/Src/app_freertos.c ****     printf("Hello from the second task!\r\n");
 103              		.loc 1 158 5 view .LVU11
 104 000a 0548     		ldr	r0, .L7+4
 105 000c FFF7FEFF 		bl	puts
 106              	.LVL8:
 159:Core/Src/app_freertos.c ****     osDelay(pdMS_TO_TICKS(1000)); // Delay of 1 second
 107              		.loc 1 159 5 discriminator 1 view .LVU12
 108 0010 FA20     		movs	r0, #250
 109 0012 8000     		lsls	r0, r0, #2
 110 0014 FFF7FEFF 		bl	osDelay
 111              	.LVL9:
 156:Core/Src/app_freertos.c ****     HAL_GPIO_TogglePin(GPIOD, GPIO_PIN_0);
 112              		.loc 1 156 3 view .LVU13
 113 0018 F3E7     		b	.L6
 114              	.L8:
 115 001a C046     		.align	2
 116              	.L7:
 117 001c 000C0050 		.word	1342180352
 118 0020 00000000 		.word	.LC2
 119              		.cfi_endproc
ARM GAS  C:\Users\Yasi\AppData\Local\Temp\ccXhSyHW.s 			page 6


 120              	.LFE221:
 122              		.section	.text.configureTimerForRunTimeStats,"ax",%progbits
 123              		.align	1
 124              		.weak	configureTimerForRunTimeStats
 125              		.syntax unified
 126              		.code	16
 127              		.thumb_func
 129              	configureTimerForRunTimeStats:
 130              	.LFB217:
  83:Core/Src/app_freertos.c **** 
 131              		.loc 1 83 1 view -0
 132              		.cfi_startproc
 133              		@ args = 0, pretend = 0, frame = 0
 134              		@ frame_needed = 0, uses_anonymous_args = 0
 135              		@ link register save eliminated.
  85:Core/Src/app_freertos.c **** 
 136              		.loc 1 85 1 view .LVU15
 137              		@ sp needed
 138 0000 7047     		bx	lr
 139              		.cfi_endproc
 140              	.LFE217:
 142              		.section	.text.getRunTimeCounterValue,"ax",%progbits
 143              		.align	1
 144              		.weak	getRunTimeCounterValue
 145              		.syntax unified
 146              		.code	16
 147              		.thumb_func
 149              	getRunTimeCounterValue:
 150              	.LFB218:
  88:Core/Src/app_freertos.c **** return 0;
 151              		.loc 1 88 1 view -0
 152              		.cfi_startproc
 153              		@ args = 0, pretend = 0, frame = 0
 154              		@ frame_needed = 0, uses_anonymous_args = 0
 155              		@ link register save eliminated.
  89:Core/Src/app_freertos.c **** }
 156              		.loc 1 89 1 view .LVU17
  90:Core/Src/app_freertos.c **** /* USER CODE END 1 */
 157              		.loc 1 90 1 is_stmt 0 view .LVU18
 158 0000 0020     		movs	r0, #0
 159              		@ sp needed
 160 0002 7047     		bx	lr
 161              		.cfi_endproc
 162              	.LFE218:
 164              		.section	.text.MX_FREERTOS_Init,"ax",%progbits
 165              		.align	1
 166              		.global	MX_FREERTOS_Init
 167              		.syntax unified
 168              		.code	16
 169              		.thumb_func
 171              	MX_FREERTOS_Init:
 172              	.LFB219:
  98:Core/Src/app_freertos.c ****   /* USER CODE BEGIN Init */
 173              		.loc 1 98 29 is_stmt 1 view -0
 174              		.cfi_startproc
 175              		@ args = 0, pretend = 0, frame = 0
 176              		@ frame_needed = 0, uses_anonymous_args = 0
ARM GAS  C:\Users\Yasi\AppData\Local\Temp\ccXhSyHW.s 			page 7


 177 0000 10B5     		push	{r4, lr}
 178              	.LCFI2:
 179              		.cfi_def_cfa_offset 8
 180              		.cfi_offset 4, -8
 181              		.cfi_offset 14, -4
 119:Core/Src/app_freertos.c **** 
 182              		.loc 1 119 3 view .LVU20
 119:Core/Src/app_freertos.c **** 
 183              		.loc 1 119 23 is_stmt 0 view .LVU21
 184 0002 074A     		ldr	r2, .L12
 185 0004 0748     		ldr	r0, .L12+4
 186 0006 0021     		movs	r1, #0
 187 0008 FFF7FEFF 		bl	osThreadNew
 188              	.LVL10:
 119:Core/Src/app_freertos.c **** 
 189              		.loc 1 119 21 discriminator 1 view .LVU22
 190 000c 064B     		ldr	r3, .L12+8
 191 000e 1860     		str	r0, [r3]
 122:Core/Src/app_freertos.c **** 
 192              		.loc 1 122 3 is_stmt 1 view .LVU23
 122:Core/Src/app_freertos.c **** 
 193              		.loc 1 122 22 is_stmt 0 view .LVU24
 194 0010 064A     		ldr	r2, .L12+12
 195 0012 0748     		ldr	r0, .L12+16
 196 0014 0021     		movs	r1, #0
 197 0016 FFF7FEFF 		bl	osThreadNew
 198              	.LVL11:
 122:Core/Src/app_freertos.c **** 
 199              		.loc 1 122 20 discriminator 1 view .LVU25
 200 001a 064B     		ldr	r3, .L12+20
 201 001c 1860     		str	r0, [r3]
 132:Core/Src/app_freertos.c **** /* USER CODE BEGIN Header_StartDefaultTask */
 202              		.loc 1 132 1 view .LVU26
 203              		@ sp needed
 204 001e 10BD     		pop	{r4, pc}
 205              	.L13:
 206              		.align	2
 207              	.L12:
 208 0020 00000000 		.word	defaultTask_attributes
 209 0024 00000000 		.word	StartDefaultTask
 210 0028 00000000 		.word	defaultTaskHandle
 211 002c 00000000 		.word	secondTask_attributes
 212 0030 00000000 		.word	StartSecondTask
 213 0034 00000000 		.word	secondTaskHandle
 214              		.cfi_endproc
 215              	.LFE219:
 217              		.global	secondTask_attributes
 218              		.section	.rodata.str1.4,"aMS",%progbits,1
 219              		.align	2
 220              	.LC10:
 221 0000 7365636F 		.ascii	"secondTask\000"
 221      6E645461 
 221      736B00
 222              		.section	.rodata.secondTask_attributes,"a"
 223              		.align	2
 226              	secondTask_attributes:
 227 0000 00000000 		.word	.LC10
ARM GAS  C:\Users\Yasi\AppData\Local\Temp\ccXhSyHW.s 			page 8


 228 0004 00000000 		.space	16
 228      00000000 
 228      00000000 
 228      00000000 
 229 0014 00020000 		.word	512
 230 0018 18000000 		.word	24
 231 001c 00000000 		.space	8
 231      00000000 
 232              		.global	defaultTask_attributes
 233              		.section	.rodata.str1.4
 234 000b 00       		.align	2
 235              	.LC11:
 236 000c 64656661 		.ascii	"defaultTask\000"
 236      756C7454 
 236      61736B00 
 237              		.section	.rodata.defaultTask_attributes,"a"
 238              		.align	2
 241              	defaultTask_attributes:
 242 0000 0C000000 		.word	.LC11
 243 0004 00000000 		.space	16
 243      00000000 
 243      00000000 
 243      00000000 
 244 0014 00020000 		.word	512
 245 0018 18000000 		.word	24
 246 001c 00000000 		.space	8
 246      00000000 
 247              		.global	secondTaskHandle
 248              		.section	.bss.secondTaskHandle,"aw",%nobits
 249              		.align	2
 252              	secondTaskHandle:
 253 0000 00000000 		.space	4
 254              		.global	defaultTaskHandle
 255              		.section	.bss.defaultTaskHandle,"aw",%nobits
 256              		.align	2
 259              	defaultTaskHandle:
 260 0000 00000000 		.space	4
 261              		.text
 262              	.Letext0:
 263              		.file 2 "C:/Program Files (x86)/Arm GNU Toolchain arm-none-eabi/13.2 Rel1/arm-none-eabi/include/ma
 264              		.file 3 "C:/Program Files (x86)/Arm GNU Toolchain arm-none-eabi/13.2 Rel1/arm-none-eabi/include/sy
 265              		.file 4 "Middlewares/Third_Party/FreeRTOS/Source/portable/GCC/ARM_CM0/portmacro.h"
 266              		.file 5 "Drivers/CMSIS/Device/ST/STM32C0xx/Include/stm32c031xx.h"
 267              		.file 6 "Middlewares/Third_Party/CMSIS/RTOS2/Include/cmsis_os2.h"
 268              		.file 7 "Drivers/STM32C0xx_HAL_Driver/Inc/stm32c0xx_hal_gpio.h"
 269              		.file 8 "<built-in>"
ARM GAS  C:\Users\Yasi\AppData\Local\Temp\ccXhSyHW.s 			page 9


DEFINED SYMBOLS
                            *ABS*:00000000 app_freertos.c
C:\Users\Yasi\AppData\Local\Temp\ccXhSyHW.s:19     .rodata.StartDefaultTask.str1.4:00000000 $d
C:\Users\Yasi\AppData\Local\Temp\ccXhSyHW.s:23     .text.StartDefaultTask:00000000 $t
C:\Users\Yasi\AppData\Local\Temp\ccXhSyHW.s:29     .text.StartDefaultTask:00000000 StartDefaultTask
C:\Users\Yasi\AppData\Local\Temp\ccXhSyHW.s:65     .text.StartDefaultTask:0000001c $d
C:\Users\Yasi\AppData\Local\Temp\ccXhSyHW.s:71     .rodata.StartSecondTask.str1.4:00000000 $d
C:\Users\Yasi\AppData\Local\Temp\ccXhSyHW.s:75     .text.StartSecondTask:00000000 $t
C:\Users\Yasi\AppData\Local\Temp\ccXhSyHW.s:81     .text.StartSecondTask:00000000 StartSecondTask
C:\Users\Yasi\AppData\Local\Temp\ccXhSyHW.s:117    .text.StartSecondTask:0000001c $d
C:\Users\Yasi\AppData\Local\Temp\ccXhSyHW.s:123    .text.configureTimerForRunTimeStats:00000000 $t
C:\Users\Yasi\AppData\Local\Temp\ccXhSyHW.s:129    .text.configureTimerForRunTimeStats:00000000 configureTimerForRunTimeStats
C:\Users\Yasi\AppData\Local\Temp\ccXhSyHW.s:143    .text.getRunTimeCounterValue:00000000 $t
C:\Users\Yasi\AppData\Local\Temp\ccXhSyHW.s:149    .text.getRunTimeCounterValue:00000000 getRunTimeCounterValue
C:\Users\Yasi\AppData\Local\Temp\ccXhSyHW.s:165    .text.MX_FREERTOS_Init:00000000 $t
C:\Users\Yasi\AppData\Local\Temp\ccXhSyHW.s:171    .text.MX_FREERTOS_Init:00000000 MX_FREERTOS_Init
C:\Users\Yasi\AppData\Local\Temp\ccXhSyHW.s:208    .text.MX_FREERTOS_Init:00000020 $d
C:\Users\Yasi\AppData\Local\Temp\ccXhSyHW.s:241    .rodata.defaultTask_attributes:00000000 defaultTask_attributes
C:\Users\Yasi\AppData\Local\Temp\ccXhSyHW.s:259    .bss.defaultTaskHandle:00000000 defaultTaskHandle
C:\Users\Yasi\AppData\Local\Temp\ccXhSyHW.s:226    .rodata.secondTask_attributes:00000000 secondTask_attributes
C:\Users\Yasi\AppData\Local\Temp\ccXhSyHW.s:252    .bss.secondTaskHandle:00000000 secondTaskHandle
C:\Users\Yasi\AppData\Local\Temp\ccXhSyHW.s:219    .rodata.str1.4:00000000 $d
C:\Users\Yasi\AppData\Local\Temp\ccXhSyHW.s:223    .rodata.secondTask_attributes:00000000 $d
C:\Users\Yasi\AppData\Local\Temp\ccXhSyHW.s:238    .rodata.defaultTask_attributes:00000000 $d
C:\Users\Yasi\AppData\Local\Temp\ccXhSyHW.s:249    .bss.secondTaskHandle:00000000 $d
C:\Users\Yasi\AppData\Local\Temp\ccXhSyHW.s:256    .bss.defaultTaskHandle:00000000 $d

UNDEFINED SYMBOLS
HAL_GPIO_TogglePin
puts
osDelay
osThreadNew
